<?xml version="1.0" encoding="utf-8"?><testsuites name="pytest tests"><testsuite name="pytest" errors="0" failures="0" skipped="0" tests="21" time="4.776" timestamp="2026-09-06T14:22:20.212957+08:00" hostname="nb-1664560716725241856-cn9xj2jeafpc"><testcase classname="tests.test_confidence_coverage" name="test_bootstrap_deterministic_and_interaction_identity" time="0.470" /><testcase classname="tests.test_confidence_coverage" name="test_missing_seed_identity_or_train_rejected" time="0.001" /><testcase classname="tests.test_confidence_coverage" name="test_negative_interaction_does_not_imply_emit_repair" time="0.144" /><testcase classname="tests.test_confidence_coverage" name="test_equal_improvement_has_zero_interaction" time="0.120" /><testcase classname="tests.test_confidence_coverage" name="test_stream_balanced_total_budget_and_negative_schedule" time="0.087" /><testcase classname="tests.test_confidence_coverage" name="test_factory_identical_initialization_independent_owners" time="0.016" /><testcase classname="tests.test_confidence_coverage" name="test_mmap_loader_matches_legacy_bytes" time="0.008" /><testcase classname="tests.test_confidence_coverage" name="test_cuda_u1_four_owners_keep_native_route" time="2.443" /><testcase classname="tests.test_confidence_readout.ReadoutTests" name="test_bad_mask_index_and_logits_fail" time="0.001" /><testcase classname="tests.test_confidence_readout.ReadoutTests" name="test_cache_new_abi_hash_and_split_fail_closed" time="0.003" /><testcase classname="tests.test_confidence_readout.ReadoutTests" name="test_dense_readout_and_native_rank_parity_dynamic_q" time="0.064" /><testcase classname="tests.test_confidence_readout.ReadoutTests" name="test_factory_exact_legacy_rng_and_state" time="0.108" /><testcase classname="tests.test_confidence_readout.ReadoutTests" name="test_global_step_exact_legacy_trajectory" time="0.021" /><testcase classname="tests.test_confidence_readout.ReadoutTests" name="test_global_tie_gradient_uses_first_valid_query" time="0.001" /><testcase classname="tests.test_confidence_readout.ReadoutTests" name="test_mdetr_official_box_secondary_and_duplicate_tie" time="0.001" /><testcase classname="tests.test_confidence_readout.ReadoutTests" name="test_mm_only_new_selected_heads" time="0.000" /><testcase classname="tests.test_confidence_readout.ReadoutTests" name="test_mmgdino_native_tie_and_mask" time="0.000" /><testcase classname="tests.test_confidence_readout.ReadoutTests" name="test_native_labels_positive_wrong_and_no_target" time="0.001" /><testcase classname="tests.test_confidence_readout.ReadoutTests" name="test_schedule_exact_rank_rng_and_last_batch" time="0.008" /><testcase classname="tests.test_confidence_readout.ReadoutTests" name="test_selected_loss_only_selected_dense_logits" time="0.001" /><testcase classname="tests.test_confidence_readout.ReadoutTests" name="test_training_step_resume_and_frozen_inputs" time="0.030" /></testsuite></testsuites>